\BOOKMARK [0][-]{toc.0}{Table of Contents}{}% 1
\BOOKMARK [0][-]{chapter*.2}{Abstract}{}% 2
\BOOKMARK [0][-]{chapter.1}{Introduction}{}% 3
\BOOKMARK [0][-]{chapter.2}{Preliminary Literature Review}{}% 4
\BOOKMARK [1][-]{section.2.1}{Methodology}{chapter.2}% 5
\BOOKMARK [0][-]{chapter.3}{Ransomware}{}% 6
\BOOKMARK [1][-]{section.3.1}{How Ransomware get installed}{chapter.3}% 7
\BOOKMARK [1][-]{section.3.2}{Types of Ransomware}{chapter.3}% 8
\BOOKMARK [0][-]{chapter.4}{Defending Ransomware}{}% 9
\BOOKMARK [1][-]{section.4.1}{Detecting Ransomware}{chapter.4}% 10
\BOOKMARK [1][-]{section.4.2}{Recover from Ransomware}{chapter.4}% 11
\BOOKMARK [0][-]{chapter.5}{A hybrid system model}{}% 12
\BOOKMARK [1][-]{section.5.1}{System design}{chapter.5}% 13
\BOOKMARK [1][-]{section.5.2}{System requirements}{chapter.5}% 14
\BOOKMARK [1][-]{section.5.3}{Execution flow}{chapter.5}% 15
\BOOKMARK [0][-]{chapter.6}{Discussion}{}% 16
\BOOKMARK [1][-]{section.6.1}{Benefit}{chapter.6}% 17
\BOOKMARK [1][-]{section.6.2}{Limitations}{chapter.6}% 18
\BOOKMARK [0][-]{chapter.7}{Conclusion}{}% 19
\BOOKMARK [0][-]{chapter*.7}{References}{}% 20
